23:18:06.712 [main] DEBUG org.apache.poi.openxml4j.opc.PackageRelationshipCollection - Parsing relationship: /xl/_rels/workbook.xml.rels
23:18:06.721 [main] DEBUG org.apache.poi.openxml4j.opc.PackageRelationshipCollection - Parsing relationship: /_rels/.rels
23:18:06.740 [main] DEBUG org.apache.poi.openxml4j.opc.PackageRelationshipCollection - Parsing relationship: /xl/_rels/workbook.xml.rels
23:18:06.741 [main] DEBUG org.apache.poi.openxml4j.opc.PackageRelationshipCollection - Parsing relationship: /_rels/.rels
23:18:06.762 [main] DEBUG org.apache.poi.openxml4j.opc.PackageRelationshipCollection - Parsing relationship: /xl/_rels/workbook.xml.rels
23:18:06.767 [main] DEBUG org.apache.poi.openxml4j.opc.PackageRelationshipCollection - Parsing relationship: /_rels/.rels
23:18:06.791 [main] DEBUG org.apache.poi.openxml4j.opc.PackageRelationshipCollection - Parsing relationship: /xl/_rels/workbook.xml.rels
23:18:06.792 [main] DEBUG org.apache.poi.openxml4j.opc.PackageRelationshipCollection - Parsing relationship: /_rels/.rels
23:18:06.807 [main] DEBUG org.apache.poi.openxml4j.opc.PackageRelationshipCollection - Parsing relationship: /xl/_rels/workbook.xml.rels
23:18:06.809 [main] DEBUG org.apache.poi.openxml4j.opc.PackageRelationshipCollection - Parsing relationship: /_rels/.rels
23:18:06.824 [main] DEBUG org.apache.poi.openxml4j.opc.PackageRelationshipCollection - Parsing relationship: /xl/_rels/workbook.xml.rels
23:18:06.825 [main] DEBUG org.apache.poi.openxml4j.opc.PackageRelationshipCollection - Parsing relationship: /_rels/.rels
23:18:06.846 [main] DEBUG org.apache.poi.openxml4j.opc.PackageRelationshipCollection - Parsing relationship: /xl/_rels/workbook.xml.rels
23:18:06.846 [main] DEBUG org.apache.poi.openxml4j.opc.PackageRelationshipCollection - Parsing relationship: /_rels/.rels
23:18:06.872 [main] INFO  testCases.TC003_LoginDDT - **** Starting TC003_LoginDDT ****
23:18:28.647 [main] INFO  testCases.TC003_LoginDDT - **** Starting TC003_LoginDDT ****
23:18:30.834 [main] INFO  testCases.TC003_LoginDDT - **** Starting TC003_LoginDDT ****
23:18:33.122 [main] INFO  testCases.TC003_LoginDDT - **** Starting TC003_LoginDDT ****
23:18:44.502 [main] INFO  testCases.TC003_LoginDDT - **** Finished TC003_LoginDDT ****
23:18:44.521 [main] INFO  testCases.TC003_LoginDDT - **** Starting TC003_LoginDDT ****
23:18:46.733 [main] INFO  testCases.TC003_LoginDDT - **** Finished TC003_LoginDDT ****
23:18:46.741 [main] INFO  testCases.TC003_LoginDDT - **** Starting TC003_LoginDDT ****
23:20:34.364 [main] INFO  testCases.TC001_AccountRegistrationTest - ******* Starting  verify_account_registration *******
23:20:34.885 [main] INFO  testCases.TC001_AccountRegistrationTest - Clicked on myaccount link
23:20:35.260 [main] INFO  testCases.TC001_AccountRegistrationTest - Clicked on register link
23:20:35.261 [main] INFO  testCases.TC001_AccountRegistrationTest - Providing customer details
23:20:35.814 [main] INFO  testCases.TC001_AccountRegistrationTest - Validating expected message
23:20:36.437 [main] INFO  testCases.TC001_AccountRegistrationTest - ******* Finished  verify_account_registration *******
23:20:38.126 [main] INFO  testCases.TC002_LoginTest - ****** Starting TC_002_LoginTest *****
23:20:39.567 [main] INFO  testCases.TC002_LoginTest - ****** Finished TC_002_LoginTest *****
23:22:25.356 [main] INFO  testCases.TC001_AccountRegistrationTest - ******* Starting  verify_account_registration *******
23:22:26.000 [main] INFO  testCases.TC001_AccountRegistrationTest - Clicked on myaccount link
23:22:26.482 [main] INFO  testCases.TC001_AccountRegistrationTest - Clicked on register link
23:22:26.484 [main] INFO  testCases.TC001_AccountRegistrationTest - Providing customer details
23:22:45.131 [main] INFO  testCases.TC001_AccountRegistrationTest - Validating expected message
23:22:45.231 [main] INFO  testCases.TC001_AccountRegistrationTest - ******* Finished  verify_account_registration *******
23:22:47.194 [main] INFO  testCases.TC002_LoginTest - ****** Starting TC_002_LoginTest *****
23:22:48.818 [main] INFO  testCases.TC002_LoginTest - ****** Finished TC_002_LoginTest *****
23:23:14.804 [main] INFO  testCases.TC001_AccountRegistrationTest - ******* Starting  verify_account_registration *******
23:23:14.948 [main] INFO  testCases.TC001_AccountRegistrationTest - Clicked on myaccount link
23:23:15.252 [main] INFO  testCases.TC001_AccountRegistrationTest - Clicked on register link
23:23:15.254 [main] INFO  testCases.TC001_AccountRegistrationTest - Providing customer details
23:23:16.667 [main] INFO  testCases.TC001_AccountRegistrationTest - Validating expected message
23:23:16.726 [main] INFO  testCases.TC001_AccountRegistrationTest - ******* Finished  verify_account_registration *******
23:23:18.424 [main] INFO  testCases.TC002_LoginTest - ****** Starting TC_002_LoginTest *****
23:23:20.210 [main] INFO  testCases.TC002_LoginTest - ****** Finished TC_002_LoginTest *****
00:36:10.353 [main] INFO  testCases.TC001_AccountRegistrationTest - ******* Starting  verify_account_registration *******
