11:00:39.794 [main] INFO  testCases.TC001_AccountRegistrationTest - Providing customer details
11:00:41.474 [main] INFO  testCases.TC001_AccountRegistrationTest - Validating expected message
11:00:41.518 [main] INFO  testCases.TC001_AccountRegistrationTest - ******* Finished  verify_account_registration *******
11:00:43.132 [main] INFO  testCases.TC002_LoginTest - ****** Starting TC_002_LoginTest *****
11:00:45.249 [main] INFO  testCases.TC002_LoginTest - ****** Finished TC_002_LoginTest *****
11:02:50.014 [main] INFO  testCases.TC002_LoginTest - ****** Starting TC_002_LoginTest *****
11:02:51.867 [main] INFO  testCases.TC002_LoginTest - ****** Finished TC_002_LoginTest *****
14:59:12.504 [main] INFO  testCases.TC001_AccountRegistrationTest - ******* Starting  verify_account_registration *******
14:59:13.071 [main] INFO  testCases.TC001_AccountRegistrationTest - Clicked on myaccount link
14:59:13.452 [main] INFO  testCases.TC001_AccountRegistrationTest - Clicked on register link
14:59:13.453 [main] INFO  testCases.TC001_AccountRegistrationTest - Providing customer details
14:59:14.684 [main] INFO  testCases.TC001_AccountRegistrationTest - Validating expected message
14:59:14.729 [main] INFO  testCases.TC001_AccountRegistrationTest - ******* Finished  verify_account_registration *******
14:59:16.584 [main] INFO  testCases.TC002_LoginTest - ****** Starting TC_002_LoginTest *****
14:59:18.571 [main] INFO  testCases.TC002_LoginTest - ****** Finished TC_002_LoginTest *****
15:02:56.137 [main] INFO  testCases.TC001_AccountRegistrationTest - ******* Starting  verify_account_registration *******
15:02:56.699 [main] INFO  testCases.TC001_AccountRegistrationTest - Clicked on myaccount link
15:02:57.108 [main] INFO  testCases.TC001_AccountRegistrationTest - Clicked on register link
15:02:57.113 [main] INFO  testCases.TC001_AccountRegistrationTest - Providing customer details
15:02:58.642 [main] INFO  testCases.TC001_AccountRegistrationTest - Validating expected message
15:02:58.682 [main] INFO  testCases.TC001_AccountRegistrationTest - ******* Finished  verify_account_registration *******
15:03:06.042 [main] INFO  testCases.TC002_LoginTest - ****** Starting TC_002_LoginTest *****
15:12:26.476 [main] INFO  testCases.TC002_LoginTest - ****** Starting TC_002_LoginTest *****
15:12:27.926 [main] INFO  testCases.TC002_LoginTest - ****** Finished TC_002_LoginTest *****
23:18:05.759 [main] DEBUG org.apache.poi.openxml4j.opc.PackageRelationshipCollection - Parsing relationship: /xl/_rels/workbook.xml.rels
23:18:05.766 [main] DEBUG org.apache.poi.openxml4j.opc.PackageRelationshipCollection - Parsing relationship: /_rels/.rels
23:18:06.489 [main] DEBUG org.apache.poi.openxml4j.opc.PackageRelationshipCollection - Parsing relationship: /xl/_rels/workbook.xml.rels
23:18:06.491 [main] DEBUG org.apache.poi.openxml4j.opc.PackageRelationshipCollection - Parsing relationship: /_rels/.rels
23:18:06.523 [main] DEBUG org.apache.poi.openxml4j.opc.PackageRelationshipCollection - Parsing relationship: /xl/_rels/workbook.xml.rels
23:18:06.523 [main] DEBUG org.apache.poi.openxml4j.opc.PackageRelationshipCollection - Parsing relationship: /_rels/.rels
23:18:06.557 [main] DEBUG org.apache.poi.openxml4j.opc.PackageRelationshipCollection - Parsing relationship: /xl/_rels/workbook.xml.rels
23:18:06.559 [main] DEBUG org.apache.poi.openxml4j.opc.PackageRelationshipCollection - Parsing relationship: /_rels/.rels
23:18:06.581 [main] DEBUG org.apache.poi.openxml4j.opc.PackageRelationshipCollection - Parsing relationship: /xl/_rels/workbook.xml.rels
23:18:06.582 [main] DEBUG org.apache.poi.openxml4j.opc.PackageRelationshipCollection - Parsing relationship: /_rels/.rels
23:18:06.604 [main] DEBUG org.apache.poi.openxml4j.opc.PackageRelationshipCollection - Parsing relationship: /xl/_rels/workbook.xml.rels
23:18:06.606 [main] DEBUG org.apache.poi.openxml4j.opc.PackageRelationshipCollection - Parsing relationship: /_rels/.rels
23:18:06.623 [main] DEBUG org.apache.poi.openxml4j.opc.PackageRelationshipCollection - Parsing relationship: /xl/_rels/workbook.xml.rels
23:18:06.624 [main] DEBUG org.apache.poi.openxml4j.opc.PackageRelationshipCollection - Parsing relationship: /_rels/.rels
23:18:06.644 [main] DEBUG org.apache.poi.openxml4j.opc.PackageRelationshipCollection - Parsing relationship: /xl/_rels/workbook.xml.rels
23:18:06.646 [main] DEBUG org.apache.poi.openxml4j.opc.PackageRelationshipCollection - Parsing relationship: /_rels/.rels
23:18:06.662 [main] DEBUG org.apache.poi.openxml4j.opc.PackageRelationshipCollection - Parsing relationship: /xl/_rels/workbook.xml.rels
23:18:06.663 [main] DEBUG org.apache.poi.openxml4j.opc.PackageRelationshipCollection - Parsing relationship: /_rels/.rels
23:18:06.688 [main] DEBUG org.apache.poi.openxml4j.opc.PackageRelationshipCollection - Parsing relationship: /xl/_rels/workbook.xml.rels
23:18:06.689 [main] DEBUG org.apache.poi.openxml4j.opc.PackageRelationshipCollection - Parsing relationship: /_rels/.rels
